<?xml version="1.0" encoding="utf-8"?><testsuites><testsuite name="pytest" errors="0" failures="0" skipped="0" tests="2" time="0.599" timestamp="2021-11-16T14:57:40.341419" hostname="DESKTOP-S2LA16V"><testcase classname="testsuite.test_Django_Restful.TestCase_Django_Restful" name="test_employee_info[param0-\u65b0\u589e\u79d1\u6280\u90e8\u95e8\u4fe1\u606f-expect0]" file="testsuite\test_Django_Restful.py" line="16" tester="zhangwenke" time="0.474"><properties><property name="outcome" value="NBPLUS" /></properties></testcase><testcase classname="testsuite.test_Django_Restful.TestCase_Django_Restful" name="test_employee_info[param1-\u624b\u673a\u53f7\u5927\u4e8e11\u4f4d-expect1]" file="testsuite\test_Django_Restful.py" line="16" tester="zhangwenke" time="0.014"><properties><property name="outcome" value="NBPLUS" /></properties></testcase></testsuite></testsuites>